c:\users\shir6\onedrive - afeka college of engineering\שנה ה\סמסטר ב\סי++\פרויקט\chainstoreprojectpart2\chainstoreproj\x64\debug\vc143.pdb
c:\users\shir6\onedrive - afeka college of engineering\שנה ה\סמסטר ב\סי++\פרויקט\chainstoreprojectpart2\chainstoreproj\x64\debug\vc143.idb
c:\users\shir6\onedrive - afeka college of engineering\שנה ה\סמסטר ב\סי++\פרויקט\chainstoreprojectpart2\chainstoreproj\x64\debug\regularbranch.obj
c:\users\shir6\onedrive - afeka college of engineering\שנה ה\סמסטר ב\סי++\פרויקט\chainstoreprojectpart2\chainstoreproj\x64\debug\main.obj
c:\users\shir6\onedrive - afeka college of engineering\שנה ה\סמסטר ב\סי++\פרויקט\chainstoreprojectpart2\chainstoreproj\x64\debug\helperfunctions.obj
c:\users\shir6\onedrive - afeka college of engineering\שנה ה\סמסטר ב\סי++\פרויקט\chainstoreprojectpart2\chainstoreproj\x64\debug\onlineregularbranch.obj
c:\users\shir6\onedrive - afeka college of engineering\שנה ה\סמסטר ב\סי++\פרויקט\chainstoreprojectpart2\chainstoreproj\x64\debug\item.obj
c:\users\shir6\onedrive - afeka college of engineering\שנה ה\סמסטר ב\סי++\פרויקט\chainstoreprojectpart2\chainstoreproj\x64\debug\department.obj
c:\users\shir6\onedrive - afeka college of engineering\שנה ה\סמסטר ב\סי++\פרויקט\chainstoreprojectpart2\chainstoreproj\x64\debug\chainstore.obj
c:\users\shir6\onedrive - afeka college of engineering\שנה ה\סמסטר ב\סי++\פרויקט\chainstoreprojectpart2\chainstoreproj\x64\debug\branch.obj
c:\users\shir6\onedrive - afeka college of engineering\שנה ה\סמסטר ב\סי++\פרויקט\chainstoreprojectpart2\chainstoreproj\x64\debug\person.obj
c:\users\shir6\onedrive - afeka college of engineering\שנה ה\סמסטר ב\סי++\פרויקט\chainstoreprojectpart2\chainstoreproj\x64\debug\manager.obj
c:\users\shir6\onedrive - afeka college of engineering\שנה ה\סמסטר ב\סי++\פרויקט\chainstoreprojectpart2\chainstoreproj\x64\debug\employee.obj
c:\users\shir6\onedrive - afeka college of engineering\שנה ה\סמסטר ב\סי++\פרויקט\chainstoreprojectpart2\chainstoreproj\x64\debug\onlinebranch.obj
c:\users\shir6\onedrive - afeka college of engineering\שנה ה\סמסטר ב\סי++\פרויקט\chainstoreprojectpart2\x64\debug\chainstoreproj.exe
c:\users\shir6\onedrive - afeka college of engineering\שנה ה\סמסטר ב\סי++\פרויקט\chainstoreprojectpart2\x64\debug\chainstoreproj.pdb
c:\users\shir6\onedrive - afeka college of engineering\שנה ה\סמסטר ב\סי++\פרויקט\chainstoreprojectpart2\chainstoreproj\x64\debug\chainstoreproj.ilk
c:\users\shir6\onedrive - afeka college of engineering\שנה ה\סמסטר ב\סי++\פרויקט\chainstoreprojectpart2\chainstoreproj\x64\debug\chainstorefacade.obj
c:\users\shir6\onedrive - afeka college of engineering\שנה ה\סמסטר ב\סי++\פרויקט\chainstoreprojectpart2\chainstoreproj\x64\debug\chainstoreproj.tlog\cl.command.1.tlog
c:\users\shir6\onedrive - afeka college of engineering\שנה ה\סמסטר ב\סי++\פרויקט\chainstoreprojectpart2\chainstoreproj\x64\debug\chainstoreproj.tlog\cl.items.tlog
c:\users\shir6\onedrive - afeka college of engineering\שנה ה\סמסטר ב\סי++\פרויקט\chainstoreprojectpart2\chainstoreproj\x64\debug\chainstoreproj.tlog\cl.read.1.tlog
c:\users\shir6\onedrive - afeka college of engineering\שנה ה\סמסטר ב\סי++\פרויקט\chainstoreprojectpart2\chainstoreproj\x64\debug\chainstoreproj.tlog\cl.write.1.tlog
c:\users\shir6\onedrive - afeka college of engineering\שנה ה\סמסטר ב\סי++\פרויקט\chainstoreprojectpart2\chainstoreproj\x64\debug\chainstoreproj.tlog\link.command.1.tlog
c:\users\shir6\onedrive - afeka college of engineering\שנה ה\סמסטר ב\סי++\פרויקט\chainstoreprojectpart2\chainstoreproj\x64\debug\chainstoreproj.tlog\link.read.1.tlog
c:\users\shir6\onedrive - afeka college of engineering\שנה ה\סמסטר ב\סי++\פרויקט\chainstoreprojectpart2\chainstoreproj\x64\debug\chainstoreproj.tlog\link.secondary.1.tlog
c:\users\shir6\onedrive - afeka college of engineering\שנה ה\סמסטר ב\סי++\פרויקט\chainstoreprojectpart2\chainstoreproj\x64\debug\chainstoreproj.tlog\link.write.1.tlog
