  main.cpp
main.obj : error LNK2019: unresolved external symbol "public: __cdecl Enclosure::Enclosure(int,int,int,int)" (??0Enclosure@@QEAA@HHHH@Z) referenced in function "void __cdecl addEnclosureToZoo(class Zoo &)" (?addEnclosureToZoo@@YAXAEAVZoo@@@Z)
main.obj : error LNK2019: unresolved external symbol "public: bool __cdecl Enclosure::addAnimal(class Animal &)" (?addAnimal@Enclosure@@QEAA_NAEAVAnimal@@@Z) referenced in function "void __cdecl addAnimalToEnclosure(class Zoo &)" (?addAnimalToEnclosure@@YAXAEAVZoo@@@Z)
main.obj : error LNK2019: unresolved external symbol "public: int __cdecl Enclosure::getId(void)const " (?getId@Enclosure@@QEBAHXZ) referenced in function "void __cdecl addAnimalToEnclosure(class Zoo &)" (?addAnimalToEnclosure@@YAXAEAVZoo@@@Z)
main.obj : error LNK2019: unresolved external symbol "public: int __cdecl Enclosure::getSize(void)const " (?getSize@Enclosure@@QEBAHXZ) referenced in function "void __cdecl displayZooInformation(class Zoo const &)" (?displayZooInformation@@YAXAEBVZoo@@@Z)
main.obj : error LNK2019: unresolved external symbol "public: enum Enclosure::EnclosureType __cdecl Enclosure::getType(void)const " (?getType@Enclosure@@QEBA?AW4EnclosureType@1@XZ) referenced in function "void __cdecl displayZooInformation(class Zoo const &)" (?displayZooInformation@@YAXAEBVZoo@@@Z)
main.obj : error LNK2019: unresolved external symbol "public: int __cdecl Enclosure::getCurrentNumAnimals(void)const " (?getCurrentNumAnimals@Enclosure@@QEBAHXZ) referenced in function "void __cdecl displayZooInformation(class Zoo const &)" (?displayZooInformation@@YAXAEBVZoo@@@Z)
main.obj : error LNK2019: unresolved external symbol "public: class Animal * * __cdecl Enclosure::getAnimals(void)const " (?getAnimals@Enclosure@@QEBAPEAPEAVAnimal@@XZ) referenced in function "void __cdecl feedAnimalInZoo(class Zoo &)" (?feedAnimalInZoo@@YAXAEAVZoo@@@Z)
main.obj : error LNK2019: unresolved external symbol "public: char const * __cdecl Person::getName(void)const " (?getName@Person@@QEBAPEBDXZ) referenced in function "void __cdecl buyTicketsForZoo(class Zoo &)" (?buyTicketsForZoo@@YAXAEAVZoo@@@Z)
main.obj : error LNK2019: unresolved external symbol "public: int __cdecl Person::getAge(void)const " (?getAge@Person@@QEBAHXZ) referenced in function "void __cdecl displayZooInformation(class Zoo const &)" (?displayZooInformation@@YAXAEBVZoo@@@Z)
main.obj : error LNK2019: unresolved external symbol "public: __cdecl ZooKeeper::ZooKeeper(char const *,int,int)" (??0ZooKeeper@@QEAA@PEBDHH@Z) referenced in function "void __cdecl hireZookeeperForZoo(class Zoo &)" (?hireZookeeperForZoo@@YAXAEAVZoo@@@Z)
main.obj : error LNK2019: unresolved external symbol "public: __cdecl Visitor::Visitor(char const *,int)" (??0Visitor@@QEAA@PEBDH@Z) referenced in function "void __cdecl admitVisitorToZoo(class Zoo &)" (?admitVisitorToZoo@@YAXAEAVZoo@@@Z)
main.obj : error LNK2019: unresolved external symbol "public: void __cdecl Visitor::buyTicket(class Ticket *)" (?buyTicket@Visitor@@QEAAXPEAVTicket@@@Z) referenced in function "void __cdecl admitVisitorToZoo(class Zoo &)" (?admitVisitorToZoo@@YAXAEAVZoo@@@Z)
main.obj : error LNK2019: unresolved external symbol "public: class Ticket * __cdecl Visitor::getTickets(void)const " (?getTickets@Visitor@@QEBAPEAVTicket@@XZ) referenced in function "void __cdecl printTicketsInformation(class Zoo const &)" (?printTicketsInformation@@YAXAEBVZoo@@@Z)
main.obj : error LNK2019: unresolved external symbol "public: __cdecl Zoo::Zoo(char const *,int,int,int)" (??0Zoo@@QEAA@PEBDHHH@Z) referenced in function main
main.obj : error LNK2019: unresolved external symbol "public: __cdecl Zoo::~Zoo(void)" (??1Zoo@@QEAA@XZ) referenced in function main
main.obj : error LNK2019: unresolved external symbol "public: void __cdecl Zoo::addEnclosure(class Enclosure * &)" (?addEnclosure@Zoo@@QEAAXAEAPEAVEnclosure@@@Z) referenced in function "void __cdecl addEnclosureToZoo(class Zoo &)" (?addEnclosureToZoo@@YAXAEAVZoo@@@Z)
main.obj : error LNK2019: unresolved external symbol "public: void __cdecl Zoo::hireZooKeeper(class ZooKeeper * &)" (?hireZooKeeper@Zoo@@QEAAXAEAPEAVZooKeeper@@@Z) referenced in function "void __cdecl hireZookeeperForZoo(class Zoo &)" (?hireZookeeperForZoo@@YAXAEAVZoo@@@Z)
main.obj : error LNK2019: unresolved external symbol "public: void __cdecl Zoo::admitVisitor(class Visitor * &)" (?admitVisitor@Zoo@@QEAAXAEAPEAVVisitor@@@Z) referenced in function "void __cdecl admitVisitorToZoo(class Zoo &)" (?admitVisitorToZoo@@YAXAEAVZoo@@@Z)
main.obj : error LNK2019: unresolved external symbol "public: char const * __cdecl Zoo::getName(void)const " (?getName@Zoo@@QEBAPEBDXZ) referenced in function "void __cdecl displayZooInformation(class Zoo const &)" (?displayZooInformation@@YAXAEBVZoo@@@Z)
main.obj : error LNK2019: unresolved external symbol "public: class Enclosure * * __cdecl Zoo::getEnclosures(void)const " (?getEnclosures@Zoo@@QEBAPEAPEAVEnclosure@@XZ) referenced in function "void __cdecl addAnimalToEnclosure(class Zoo &)" (?addAnimalToEnclosure@@YAXAEAVZoo@@@Z)
main.obj : error LNK2019: unresolved external symbol "public: int __cdecl Zoo::getNumEnclosures(void)const " (?getNumEnclosures@Zoo@@QEBAHXZ) referenced in function "void __cdecl addAnimalToEnclosure(class Zoo &)" (?addAnimalToEnclosure@@YAXAEAVZoo@@@Z)
main.obj : error LNK2019: unresolved external symbol "public: class ZooKeeper * * __cdecl Zoo::getZooKeepers(void)const " (?getZooKeepers@Zoo@@QEBAPEAPEAVZooKeeper@@XZ) referenced in function "void __cdecl displayZooInformation(class Zoo const &)" (?displayZooInformation@@YAXAEBVZoo@@@Z)
main.obj : error LNK2019: unresolved external symbol "public: int __cdecl Zoo::getNumZooKeepers(void)const " (?getNumZooKeepers@Zoo@@QEBAHXZ) referenced in function "void __cdecl displayZooInformation(class Zoo const &)" (?displayZooInformation@@YAXAEBVZoo@@@Z)
main.obj : error LNK2019: unresolved external symbol "public: class Visitor * * __cdecl Zoo::getVisitors(void)const " (?getVisitors@Zoo@@QEBAPEAPEAVVisitor@@XZ) referenced in function "void __cdecl buyTicketsForZoo(class Zoo &)" (?buyTicketsForZoo@@YAXAEAVZoo@@@Z)
main.obj : error LNK2019: unresolved external symbol "public: int __cdecl Zoo::getNumVisitors(void)const " (?getNumVisitors@Zoo@@QEBAHXZ) referenced in function "void __cdecl buyTicketsForZoo(class Zoo &)" (?buyTicketsForZoo@@YAXAEAVZoo@@@Z)
main.obj : error LNK2019: unresolved external symbol "public: __cdecl Ticket::Ticket(float,int)" (??0Ticket@@QEAA@MH@Z) referenced in function "void __cdecl admitVisitorToZoo(class Zoo &)" (?admitVisitorToZoo@@YAXAEAVZoo@@@Z)
main.obj : error LNK2019: unresolved external symbol "public: __cdecl Ticket::~Ticket(void)" (??1Ticket@@QEAA@XZ) referenced in function "void __cdecl admitVisitorToZoo(class Zoo &)" (?admitVisitorToZoo@@YAXAEAVZoo@@@Z)
main.obj : error LNK2019: unresolved external symbol "public: float __cdecl Ticket::getPrice(void)const " (?getPrice@Ticket@@QEBAMXZ) referenced in function "void __cdecl printTicketsInformation(class Zoo const &)" (?printTicketsInformation@@YAXAEBVZoo@@@Z)
main.obj : error LNK2019: unresolved external symbol "public: enum Ticket::Type __cdecl Ticket::getType(void)const " (?getType@Ticket@@QEBA?AW4Type@1@XZ) referenced in function "void __cdecl printTicketsInformation(class Zoo const &)" (?printTicketsInformation@@YAXAEBVZoo@@@Z)
main.obj : error LNK2019: unresolved external symbol "public: __cdecl Mammal::Mammal(char const *,char const *,int,enum Mammal::FurType)" (??0Mammal@@QEAA@PEBD0HW4FurType@0@@Z) referenced in function "void __cdecl addAnimalToEnclosure(class Zoo &)" (?addAnimalToEnclosure@@YAXAEAVZoo@@@Z)
main.obj : error LNK2019: unresolved external symbol "public: __cdecl Aquatic::Aquatic(char const *,char const *,int,enum Aquatic::WaterType)" (??0Aquatic@@QEAA@PEBD0HW4WaterType@0@@Z) referenced in function "void __cdecl addAnimalToEnclosure(class Zoo &)" (?addAnimalToEnclosure@@YAXAEAVZoo@@@Z)
main.obj : error LNK2019: unresolved external symbol "public: __cdecl Reptile::Reptile(char const *,char const *,int,enum Reptile::ScaleType)" (??0Reptile@@QEAA@PEBD0HW4ScaleType@0@@Z) referenced in function "void __cdecl addAnimalToEnclosure(class Zoo &)" (?addAnimalToEnclosure@@YAXAEAVZoo@@@Z)
C:\Users\shir6\OneDrive - Afeka College Of Engineering\שנה ה\סמסטר ב\סי++\פרויקט\Zoo Management System\x64\Debug\Zoo Management System.exe : fatal error LNK1120: 32 unresolved externals
